2024-11-07 18:47:44,543 - docnest - INFO - Path: / Method: GET Status: 404 Duration: 0.00s
2024-11-07 18:47:48,809 - docnest - INFO - Path: /docs Method: GET Status: 200 Duration: 0.01s
2024-11-07 18:47:49,048 - docnest - INFO - Path: /openapi.json Method: GET Status: 200 Duration: 0.04s
2024-11-07 18:50:04,355 - docnest - INFO - Path: /api/v1/documents/ Method: POST Status: 401 Duration: 0.01s
2024-11-07 18:50:54,096 - docnest - INFO - Path: /api/v1/documents/ Method: POST Status: 422 Duration: 0.00s
2024-11-07 18:51:47,305 - docnest - INFO - Path: /api/v1/documents/ Method: POST Status: 422 Duration: 0.01s
2024-11-07 19:07:13,891 - docnest - INFO - Path: /docs Method: GET Status: 200 Duration: 0.00s
2024-11-07 19:07:14,673 - docnest - INFO - Path: /openapi.json Method: GET Status: 200 Duration: 0.04s
2024-11-07 19:07:22,747 - docnest - INFO - Path: /api/v1/documents/ Method: POST Status: 422 Duration: 0.03s
2024-11-07 19:10:56,715 - docnest - INFO - Path: /docs Method: GET Status: 200 Duration: 0.00s
2024-11-07 19:10:56,890 - docnest - INFO - Path: /openapi.json Method: GET Status: 200 Duration: 0.02s
2024-11-07 19:11:34,800 - docnest - INFO - Path: /api/v1/auth/login Method: POST Status: 404 Duration: 0.00s
2024-11-07 19:12:09,379 - docnest - INFO - Path: /health Method: GET Status: 200 Duration: 0.00s
2024-11-07 19:27:35,350 - docnest - INFO - Path: /docs Method: GET Status: 200 Duration: 0.00s
2024-11-07 19:27:35,571 - docnest - INFO - Path: /openapi.json Method: GET Status: 200 Duration: 0.02s
2024-11-07 19:30:00,314 - docnest - INFO - Path: /docs Method: GET Status: 200 Duration: 0.00s
2024-11-07 19:30:00,511 - docnest - INFO - Path: /openapi.json Method: GET Status: 200 Duration: 0.01s
2024-11-07 19:30:26,110 - docnest - ERROR - Global error: (psycopg2.errors.UndefinedTable) relation "users" does not exist
LINE 2: FROM users 
             ^

[SQL: SELECT users.id AS users_id, users.email AS users_email, users.hashed_password AS users_hashed_password, users.full_name AS users_full_name, users.is_active AS users_is_active, users.is_google_user AS users_is_google_user, users.google_user_id AS users_google_user_id, users.profile_picture AS users_profile_picture, users.created_at AS users_created_at, users.last_login AS users_last_login 
FROM users 
WHERE users.email = %(email_1)s 
 LIMIT %(param_1)s]
[parameters: {'email_1': 'admin', 'param_1': 1}]
(Background on this error at: https://sqlalche.me/e/20/f405)
Traceback (most recent call last):
  File "/Users/rohitkale/GihubRepo/DocNest/docnest_backend/venv/lib/python3.11/site-packages/sqlalchemy/engine/base.py", line 1969, in _exec_single_context
    self.dialect.do_execute(
  File "/Users/rohitkale/GihubRepo/DocNest/docnest_backend/venv/lib/python3.11/site-packages/sqlalchemy/engine/default.py", line 922, in do_execute
    cursor.execute(statement, parameters)
psycopg2.errors.UndefinedTable: relation "users" does not exist
LINE 2: FROM users 
             ^


The above exception was the direct cause of the following exception:

Traceback (most recent call last):
  File "/Users/rohitkale/GihubRepo/DocNest/docnest_backend/venv/lib/python3.11/site-packages/starlette/middleware/errors.py", line 164, in __call__
    await self.app(scope, receive, _send)
  File "/Users/rohitkale/GihubRepo/DocNest/docnest_backend/venv/lib/python3.11/site-packages/starlette/middleware/base.py", line 189, in __call__
    with collapse_excgroups():
  File "/opt/homebrew/Cellar/python@3.11/3.11.3/Frameworks/Python.framework/Versions/3.11/lib/python3.11/contextlib.py", line 155, in __exit__
    self.gen.throw(typ, value, traceback)
  File "/Users/rohitkale/GihubRepo/DocNest/docnest_backend/venv/lib/python3.11/site-packages/starlette/_utils.py", line 91, in collapse_excgroups
    raise exc
  File "/Users/rohitkale/GihubRepo/DocNest/docnest_backend/venv/lib/python3.11/site-packages/starlette/middleware/base.py", line 191, in __call__
    response = await self.dispatch_func(request, call_next)
               ^^^^^^^^^^^^^^^^^^^^^^^^^^^^^^^^^^^^^^^^^^^^
  File "/Users/rohitkale/GihubRepo/DocNest/docnest_backend/main.py", line 38, in log_requests
    response = await call_next(request)
               ^^^^^^^^^^^^^^^^^^^^^^^^
  File "/Users/rohitkale/GihubRepo/DocNest/docnest_backend/venv/lib/python3.11/site-packages/starlette/middleware/base.py", line 165, in call_next
    raise app_exc
  File "/Users/rohitkale/GihubRepo/DocNest/docnest_backend/venv/lib/python3.11/site-packages/starlette/middleware/base.py", line 151, in coro
    await self.app(scope, receive_or_disconnect, send_no_error)
  File "/Users/rohitkale/GihubRepo/DocNest/docnest_backend/venv/lib/python3.11/site-packages/starlette/middleware/cors.py", line 91, in __call__
    await self.simple_response(scope, receive, send, request_headers=headers)
  File "/Users/rohitkale/GihubRepo/DocNest/docnest_backend/venv/lib/python3.11/site-packages/starlette/middleware/cors.py", line 146, in simple_response
    await self.app(scope, receive, send)
  File "/Users/rohitkale/GihubRepo/DocNest/docnest_backend/venv/lib/python3.11/site-packages/starlette/middleware/exceptions.py", line 62, in __call__
    await wrap_app_handling_exceptions(self.app, conn)(scope, receive, send)
  File "/Users/rohitkale/GihubRepo/DocNest/docnest_backend/venv/lib/python3.11/site-packages/starlette/_exception_handler.py", line 64, in wrapped_app
    raise exc
  File "/Users/rohitkale/GihubRepo/DocNest/docnest_backend/venv/lib/python3.11/site-packages/starlette/_exception_handler.py", line 53, in wrapped_app
    await app(scope, receive, sender)
  File "/Users/rohitkale/GihubRepo/DocNest/docnest_backend/venv/lib/python3.11/site-packages/starlette/routing.py", line 762, in __call__
    await self.middleware_stack(scope, receive, send)
  File "/Users/rohitkale/GihubRepo/DocNest/docnest_backend/venv/lib/python3.11/site-packages/starlette/routing.py", line 782, in app
    await route.handle(scope, receive, send)
  File "/Users/rohitkale/GihubRepo/DocNest/docnest_backend/venv/lib/python3.11/site-packages/starlette/routing.py", line 297, in handle
    await self.app(scope, receive, send)
  File "/Users/rohitkale/GihubRepo/DocNest/docnest_backend/venv/lib/python3.11/site-packages/starlette/routing.py", line 77, in app
    await wrap_app_handling_exceptions(app, request)(scope, receive, send)
  File "/Users/rohitkale/GihubRepo/DocNest/docnest_backend/venv/lib/python3.11/site-packages/starlette/_exception_handler.py", line 64, in wrapped_app
    raise exc
  File "/Users/rohitkale/GihubRepo/DocNest/docnest_backend/venv/lib/python3.11/site-packages/starlette/_exception_handler.py", line 53, in wrapped_app
    await app(scope, receive, sender)
  File "/Users/rohitkale/GihubRepo/DocNest/docnest_backend/venv/lib/python3.11/site-packages/starlette/routing.py", line 72, in app
    response = await func(request)
               ^^^^^^^^^^^^^^^^^^^
  File "/Users/rohitkale/GihubRepo/DocNest/docnest_backend/venv/lib/python3.11/site-packages/fastapi/routing.py", line 299, in app
    raise e
  File "/Users/rohitkale/GihubRepo/DocNest/docnest_backend/venv/lib/python3.11/site-packages/fastapi/routing.py", line 294, in app
    raw_response = await run_endpoint_function(
                   ^^^^^^^^^^^^^^^^^^^^^^^^^^^^
  File "/Users/rohitkale/GihubRepo/DocNest/docnest_backend/venv/lib/python3.11/site-packages/fastapi/routing.py", line 191, in run_endpoint_function
    return await dependant.call(**values)
           ^^^^^^^^^^^^^^^^^^^^^^^^^^^^^^
  File "/Users/rohitkale/GihubRepo/DocNest/docnest_backend/app/api/v1/auth_router.py", line 23, in login
    user = authenticate_user(db, form_data.username, form_data.password)
           ^^^^^^^^^^^^^^^^^^^^^^^^^^^^^^^^^^^^^^^^^^^^^^^^^^^^^^^^^^^^^
  File "/Users/rohitkale/GihubRepo/DocNest/docnest_backend/app/core/auth.py", line 107, in authenticate_user
    user = db.query(User).filter(User.email == email).first()
           ^^^^^^^^^^^^^^^^^^^^^^^^^^^^^^^^^^^^^^^^^^^^^^^^^^
  File "/Users/rohitkale/GihubRepo/DocNest/docnest_backend/venv/lib/python3.11/site-packages/sqlalchemy/orm/query.py", line 2748, in first
    return self.limit(1)._iter().first()  # type: ignore
           ^^^^^^^^^^^^^^^^^^^^^
  File "/Users/rohitkale/GihubRepo/DocNest/docnest_backend/venv/lib/python3.11/site-packages/sqlalchemy/orm/query.py", line 2847, in _iter
    result: Union[ScalarResult[_T], Result[_T]] = self.session.execute(
                                                  ^^^^^^^^^^^^^^^^^^^^^
  File "/Users/rohitkale/GihubRepo/DocNest/docnest_backend/venv/lib/python3.11/site-packages/sqlalchemy/orm/session.py", line 2308, in execute
    return self._execute_internal(
           ^^^^^^^^^^^^^^^^^^^^^^^
  File "/Users/rohitkale/GihubRepo/DocNest/docnest_backend/venv/lib/python3.11/site-packages/sqlalchemy/orm/session.py", line 2190, in _execute_internal
    result: Result[Any] = compile_state_cls.orm_execute_statement(
                          ^^^^^^^^^^^^^^^^^^^^^^^^^^^^^^^^^^^^^^^^
  File "/Users/rohitkale/GihubRepo/DocNest/docnest_backend/venv/lib/python3.11/site-packages/sqlalchemy/orm/context.py", line 293, in orm_execute_statement
    result = conn.execute(
             ^^^^^^^^^^^^^
  File "/Users/rohitkale/GihubRepo/DocNest/docnest_backend/venv/lib/python3.11/site-packages/sqlalchemy/engine/base.py", line 1416, in execute
    return meth(
           ^^^^^
  File "/Users/rohitkale/GihubRepo/DocNest/docnest_backend/venv/lib/python3.11/site-packages/sqlalchemy/sql/elements.py", line 517, in _execute_on_connection
    return connection._execute_clauseelement(
           ^^^^^^^^^^^^^^^^^^^^^^^^^^^^^^^^^^
  File "/Users/rohitkale/GihubRepo/DocNest/docnest_backend/venv/lib/python3.11/site-packages/sqlalchemy/engine/base.py", line 1639, in _execute_clauseelement
    ret = self._execute_context(
          ^^^^^^^^^^^^^^^^^^^^^^
  File "/Users/rohitkale/GihubRepo/DocNest/docnest_backend/venv/lib/python3.11/site-packages/sqlalchemy/engine/base.py", line 1848, in _execute_context
    return self._exec_single_context(
           ^^^^^^^^^^^^^^^^^^^^^^^^^^
  File "/Users/rohitkale/GihubRepo/DocNest/docnest_backend/venv/lib/python3.11/site-packages/sqlalchemy/engine/base.py", line 1988, in _exec_single_context
    self._handle_dbapi_exception(
  File "/Users/rohitkale/GihubRepo/DocNest/docnest_backend/venv/lib/python3.11/site-packages/sqlalchemy/engine/base.py", line 2344, in _handle_dbapi_exception
    raise sqlalchemy_exception.with_traceback(exc_info[2]) from e
  File "/Users/rohitkale/GihubRepo/DocNest/docnest_backend/venv/lib/python3.11/site-packages/sqlalchemy/engine/base.py", line 1969, in _exec_single_context
    self.dialect.do_execute(
  File "/Users/rohitkale/GihubRepo/DocNest/docnest_backend/venv/lib/python3.11/site-packages/sqlalchemy/engine/default.py", line 922, in do_execute
    cursor.execute(statement, parameters)
sqlalchemy.exc.ProgrammingError: (psycopg2.errors.UndefinedTable) relation "users" does not exist
LINE 2: FROM users 
             ^

[SQL: SELECT users.id AS users_id, users.email AS users_email, users.hashed_password AS users_hashed_password, users.full_name AS users_full_name, users.is_active AS users_is_active, users.is_google_user AS users_is_google_user, users.google_user_id AS users_google_user_id, users.profile_picture AS users_profile_picture, users.created_at AS users_created_at, users.last_login AS users_last_login 
FROM users 
WHERE users.email = %(email_1)s 
 LIMIT %(param_1)s]
[parameters: {'email_1': 'admin', 'param_1': 1}]
(Background on this error at: https://sqlalche.me/e/20/f405)
2024-11-07 19:31:53,309 - docnest - ERROR - Global error: (psycopg2.errors.UndefinedTable) relation "users" does not exist
LINE 2: FROM users 
             ^

[SQL: SELECT users.id AS users_id, users.email AS users_email, users.hashed_password AS users_hashed_password, users.full_name AS users_full_name, users.is_active AS users_is_active, users.is_google_user AS users_is_google_user, users.google_user_id AS users_google_user_id, users.profile_picture AS users_profile_picture, users.created_at AS users_created_at, users.last_login AS users_last_login 
FROM users 
WHERE users.email = %(email_1)s 
 LIMIT %(param_1)s]
[parameters: {'email_1': 'user@example.com', 'param_1': 1}]
(Background on this error at: https://sqlalche.me/e/20/f405)
Traceback (most recent call last):
  File "/Users/rohitkale/GihubRepo/DocNest/docnest_backend/venv/lib/python3.11/site-packages/sqlalchemy/engine/base.py", line 1969, in _exec_single_context
    self.dialect.do_execute(
  File "/Users/rohitkale/GihubRepo/DocNest/docnest_backend/venv/lib/python3.11/site-packages/sqlalchemy/engine/default.py", line 922, in do_execute
    cursor.execute(statement, parameters)
psycopg2.errors.UndefinedTable: relation "users" does not exist
LINE 2: FROM users 
             ^


The above exception was the direct cause of the following exception:

Traceback (most recent call last):
  File "/Users/rohitkale/GihubRepo/DocNest/docnest_backend/venv/lib/python3.11/site-packages/starlette/middleware/errors.py", line 164, in __call__
    await self.app(scope, receive, _send)
  File "/Users/rohitkale/GihubRepo/DocNest/docnest_backend/venv/lib/python3.11/site-packages/starlette/middleware/base.py", line 189, in __call__
    with collapse_excgroups():
  File "/opt/homebrew/Cellar/python@3.11/3.11.3/Frameworks/Python.framework/Versions/3.11/lib/python3.11/contextlib.py", line 155, in __exit__
    self.gen.throw(typ, value, traceback)
  File "/Users/rohitkale/GihubRepo/DocNest/docnest_backend/venv/lib/python3.11/site-packages/starlette/_utils.py", line 91, in collapse_excgroups
    raise exc
  File "/Users/rohitkale/GihubRepo/DocNest/docnest_backend/venv/lib/python3.11/site-packages/starlette/middleware/base.py", line 191, in __call__
    response = await self.dispatch_func(request, call_next)
               ^^^^^^^^^^^^^^^^^^^^^^^^^^^^^^^^^^^^^^^^^^^^
  File "/Users/rohitkale/GihubRepo/DocNest/docnest_backend/main.py", line 38, in log_requests
    response = await call_next(request)
               ^^^^^^^^^^^^^^^^^^^^^^^^
  File "/Users/rohitkale/GihubRepo/DocNest/docnest_backend/venv/lib/python3.11/site-packages/starlette/middleware/base.py", line 165, in call_next
    raise app_exc
  File "/Users/rohitkale/GihubRepo/DocNest/docnest_backend/venv/lib/python3.11/site-packages/starlette/middleware/base.py", line 151, in coro
    await self.app(scope, receive_or_disconnect, send_no_error)
  File "/Users/rohitkale/GihubRepo/DocNest/docnest_backend/venv/lib/python3.11/site-packages/starlette/middleware/cors.py", line 91, in __call__
    await self.simple_response(scope, receive, send, request_headers=headers)
  File "/Users/rohitkale/GihubRepo/DocNest/docnest_backend/venv/lib/python3.11/site-packages/starlette/middleware/cors.py", line 146, in simple_response
    await self.app(scope, receive, send)
  File "/Users/rohitkale/GihubRepo/DocNest/docnest_backend/venv/lib/python3.11/site-packages/starlette/middleware/exceptions.py", line 62, in __call__
    await wrap_app_handling_exceptions(self.app, conn)(scope, receive, send)
  File "/Users/rohitkale/GihubRepo/DocNest/docnest_backend/venv/lib/python3.11/site-packages/starlette/_exception_handler.py", line 64, in wrapped_app
    raise exc
  File "/Users/rohitkale/GihubRepo/DocNest/docnest_backend/venv/lib/python3.11/site-packages/starlette/_exception_handler.py", line 53, in wrapped_app
    await app(scope, receive, sender)
  File "/Users/rohitkale/GihubRepo/DocNest/docnest_backend/venv/lib/python3.11/site-packages/starlette/routing.py", line 762, in __call__
    await self.middleware_stack(scope, receive, send)
  File "/Users/rohitkale/GihubRepo/DocNest/docnest_backend/venv/lib/python3.11/site-packages/starlette/routing.py", line 782, in app
    await route.handle(scope, receive, send)
  File "/Users/rohitkale/GihubRepo/DocNest/docnest_backend/venv/lib/python3.11/site-packages/starlette/routing.py", line 297, in handle
    await self.app(scope, receive, send)
  File "/Users/rohitkale/GihubRepo/DocNest/docnest_backend/venv/lib/python3.11/site-packages/starlette/routing.py", line 77, in app
    await wrap_app_handling_exceptions(app, request)(scope, receive, send)
  File "/Users/rohitkale/GihubRepo/DocNest/docnest_backend/venv/lib/python3.11/site-packages/starlette/_exception_handler.py", line 64, in wrapped_app
    raise exc
  File "/Users/rohitkale/GihubRepo/DocNest/docnest_backend/venv/lib/python3.11/site-packages/starlette/_exception_handler.py", line 53, in wrapped_app
    await app(scope, receive, sender)
  File "/Users/rohitkale/GihubRepo/DocNest/docnest_backend/venv/lib/python3.11/site-packages/starlette/routing.py", line 72, in app
    response = await func(request)
               ^^^^^^^^^^^^^^^^^^^
  File "/Users/rohitkale/GihubRepo/DocNest/docnest_backend/venv/lib/python3.11/site-packages/fastapi/routing.py", line 299, in app
    raise e
  File "/Users/rohitkale/GihubRepo/DocNest/docnest_backend/venv/lib/python3.11/site-packages/fastapi/routing.py", line 294, in app
    raw_response = await run_endpoint_function(
                   ^^^^^^^^^^^^^^^^^^^^^^^^^^^^
  File "/Users/rohitkale/GihubRepo/DocNest/docnest_backend/venv/lib/python3.11/site-packages/fastapi/routing.py", line 191, in run_endpoint_function
    return await dependant.call(**values)
           ^^^^^^^^^^^^^^^^^^^^^^^^^^^^^^
  File "/Users/rohitkale/GihubRepo/DocNest/docnest_backend/app/api/v1/auth_router.py", line 23, in login
    user = authenticate_user(db, form_data.username, form_data.password)
           ^^^^^^^^^^^^^^^^^^^^^^^^^^^^^^^^^^^^^^^^^^^^^^^^^^^^^^^^^^^^^
  File "/Users/rohitkale/GihubRepo/DocNest/docnest_backend/app/core/auth.py", line 107, in authenticate_user
    user = db.query(User).filter(User.email == email).first()
           ^^^^^^^^^^^^^^^^^^^^^^^^^^^^^^^^^^^^^^^^^^^^^^^^^^
  File "/Users/rohitkale/GihubRepo/DocNest/docnest_backend/venv/lib/python3.11/site-packages/sqlalchemy/orm/query.py", line 2748, in first
    return self.limit(1)._iter().first()  # type: ignore
           ^^^^^^^^^^^^^^^^^^^^^
  File "/Users/rohitkale/GihubRepo/DocNest/docnest_backend/venv/lib/python3.11/site-packages/sqlalchemy/orm/query.py", line 2847, in _iter
    result: Union[ScalarResult[_T], Result[_T]] = self.session.execute(
                                                  ^^^^^^^^^^^^^^^^^^^^^
  File "/Users/rohitkale/GihubRepo/DocNest/docnest_backend/venv/lib/python3.11/site-packages/sqlalchemy/orm/session.py", line 2308, in execute
    return self._execute_internal(
           ^^^^^^^^^^^^^^^^^^^^^^^
  File "/Users/rohitkale/GihubRepo/DocNest/docnest_backend/venv/lib/python3.11/site-packages/sqlalchemy/orm/session.py", line 2190, in _execute_internal
    result: Result[Any] = compile_state_cls.orm_execute_statement(
                          ^^^^^^^^^^^^^^^^^^^^^^^^^^^^^^^^^^^^^^^^
  File "/Users/rohitkale/GihubRepo/DocNest/docnest_backend/venv/lib/python3.11/site-packages/sqlalchemy/orm/context.py", line 293, in orm_execute_statement
    result = conn.execute(
             ^^^^^^^^^^^^^
  File "/Users/rohitkale/GihubRepo/DocNest/docnest_backend/venv/lib/python3.11/site-packages/sqlalchemy/engine/base.py", line 1416, in execute
    return meth(
           ^^^^^
  File "/Users/rohitkale/GihubRepo/DocNest/docnest_backend/venv/lib/python3.11/site-packages/sqlalchemy/sql/elements.py", line 517, in _execute_on_connection
    return connection._execute_clauseelement(
           ^^^^^^^^^^^^^^^^^^^^^^^^^^^^^^^^^^
  File "/Users/rohitkale/GihubRepo/DocNest/docnest_backend/venv/lib/python3.11/site-packages/sqlalchemy/engine/base.py", line 1639, in _execute_clauseelement
    ret = self._execute_context(
          ^^^^^^^^^^^^^^^^^^^^^^
  File "/Users/rohitkale/GihubRepo/DocNest/docnest_backend/venv/lib/python3.11/site-packages/sqlalchemy/engine/base.py", line 1848, in _execute_context
    return self._exec_single_context(
           ^^^^^^^^^^^^^^^^^^^^^^^^^^
  File "/Users/rohitkale/GihubRepo/DocNest/docnest_backend/venv/lib/python3.11/site-packages/sqlalchemy/engine/base.py", line 1988, in _exec_single_context
    self._handle_dbapi_exception(
  File "/Users/rohitkale/GihubRepo/DocNest/docnest_backend/venv/lib/python3.11/site-packages/sqlalchemy/engine/base.py", line 2344, in _handle_dbapi_exception
    raise sqlalchemy_exception.with_traceback(exc_info[2]) from e
  File "/Users/rohitkale/GihubRepo/DocNest/docnest_backend/venv/lib/python3.11/site-packages/sqlalchemy/engine/base.py", line 1969, in _exec_single_context
    self.dialect.do_execute(
  File "/Users/rohitkale/GihubRepo/DocNest/docnest_backend/venv/lib/python3.11/site-packages/sqlalchemy/engine/default.py", line 922, in do_execute
    cursor.execute(statement, parameters)
sqlalchemy.exc.ProgrammingError: (psycopg2.errors.UndefinedTable) relation "users" does not exist
LINE 2: FROM users 
             ^

[SQL: SELECT users.id AS users_id, users.email AS users_email, users.hashed_password AS users_hashed_password, users.full_name AS users_full_name, users.is_active AS users_is_active, users.is_google_user AS users_is_google_user, users.google_user_id AS users_google_user_id, users.profile_picture AS users_profile_picture, users.created_at AS users_created_at, users.last_login AS users_last_login 
FROM users 
WHERE users.email = %(email_1)s 
 LIMIT %(param_1)s]
[parameters: {'email_1': 'user@example.com', 'param_1': 1}]
(Background on this error at: https://sqlalche.me/e/20/f405)
2024-11-07 19:39:06,517 - docnest - INFO - Path: /api/v1/auth/login Method: POST Status: 200 Duration: 0.39s
2024-11-07 19:39:40,337 - docnest - INFO - Path: /api/v1/auth/me Method: GET Status: 200 Duration: 0.03s
2024-11-07 19:41:21,881 - docnest - INFO - Path: /docs Method: GET Status: 200 Duration: 0.00s
2024-11-07 19:41:22,084 - docnest - INFO - Path: /openapi.json Method: GET Status: 200 Duration: 0.03s
2024-11-07 19:42:39,646 - docnest - INFO - Path: /api/v1/auth/login Method: POST Status: 200 Duration: 0.49s
2024-11-07 19:48:40,426 - docnest - INFO - Path: /docs Method: GET Status: 200 Duration: 0.00s
2024-11-07 19:48:40,684 - docnest - INFO - Path: /openapi.json Method: GET Status: 200 Duration: 0.06s
2024-11-07 19:48:55,494 - docnest - INFO - Path: /api/v1/auth/login Method: POST Status: 200 Duration: 0.48s
2024-11-07 19:55:08,526 - docnest - INFO - Path: / Method: GET Status: 404 Duration: 0.00s
2024-11-07 19:55:16,078 - docnest - INFO - Path: /docs Method: GET Status: 200 Duration: 0.00s
2024-11-07 19:55:16,240 - docnest - INFO - Path: /openapi.json Method: GET Status: 200 Duration: 0.01s
2024-11-07 19:55:34,601 - docnest - INFO - Path: /api/v1/auth/login Method: POST Status: 200 Duration: 0.47s
2024-11-07 19:55:59,579 - docnest - INFO - Path: /api/v1/auth/login Method: POST Status: 200 Duration: 0.26s
2024-11-07 19:56:34,658 - docnest - INFO - Path: /api/v1/documents/ Method: POST Status: 200 Duration: 0.08s
